<?xml version="1.0" encoding="UTF-8"?>
<testng-results skipped="1" failed="0" ignored="0" total="6" passed="5">
  <reporter-output>
  </reporter-output>
  <suite name="Data Driver Basics" duration-ms="9428" started-at="2020-06-18T15:09:55 IST" finished-at="2020-06-18T15:10:05 IST">
    <groups>
    </groups>
    <test name="BankManagerLoginTest" duration-ms="3576" started-at="2020-06-18T15:09:55 IST" finished-at="2020-06-18T15:09:59 IST">
      <class name="com.testcases.BankManagerLoginTest">
        <test-method status="PASS" signature="bankManagerLoginTest()[pri:0, instance:com.testcases.BankManagerLoginTest@28975c28]" name="bankManagerLoginTest" duration-ms="3261" started-at="2020-06-18T15:09:55 IST" finished-at="2020-06-18T15:09:59 IST">
          <reporter-output>
          </reporter-output>
        </test-method> <!-- bankManagerLoginTest -->
      </class> <!-- com.testcases.BankManagerLoginTest -->
    </test> <!-- BankManagerLoginTest -->
    <test name="AddCustomerByBankManagerLogin" duration-ms="2301" started-at="2020-06-18T15:09:59 IST" finished-at="2020-06-18T15:10:01 IST">
      <class name="com.testcases.AddCustomerByBankManagerLogin">
        <test-method status="PASS" signature="addCustomerByBankManagerLogin(java.util.Hashtable)[pri:0, instance:com.testcases.AddCustomerByBankManagerLogin@61d6015a]" name="addCustomerByBankManagerLogin" duration-ms="890" started-at="2020-06-18T15:09:59 IST" data-provider="dp" finished-at="2020-06-18T15:10:00 IST">
          <params>
            <param index="0">
              <value>
                <![CDATA[{alert_msg=Customer added successfully, postcode=hguy36, lastname=cheriyan, runmode=y, firstname=anjitha }]]>
              </value>
            </param>
          </params>
          <reporter-output>
          </reporter-output>
        </test-method> <!-- addCustomerByBankManagerLogin -->
        <test-method status="SKIP" signature="addCustomerByBankManagerLogin(java.util.Hashtable)[pri:0, instance:com.testcases.AddCustomerByBankManagerLogin@61d6015a]" name="addCustomerByBankManagerLogin" duration-ms="1" started-at="2020-06-18T15:10:00 IST" data-provider="dp" finished-at="2020-06-18T15:10:00 IST">
          <params>
            <param index="0">
              <value>
                <![CDATA[{alert_msg=Customer added successfully, postcode=hguy36scawc, lastname=cheri, runmode=n, firstname=anju }]]>
              </value>
            </param>
          </params>
          <exception class="org.testng.SkipException">
            <message>
              <![CDATA[Skipping the parameter]]>
            </message>
            <full-stacktrace>
              <![CDATA[org.testng.SkipException: Skipping the parameter
at com.testcases.AddCustomerByBankManagerLogin.addCustomerByBankManagerLogin(AddCustomerByBankManagerLogin.java:22)
at sun.reflect.NativeMethodAccessorImpl.invoke0(Native Method)
at sun.reflect.NativeMethodAccessorImpl.invoke(NativeMethodAccessorImpl.java:62)
at sun.reflect.DelegatingMethodAccessorImpl.invoke(DelegatingMethodAccessorImpl.java:43)
at java.lang.reflect.Method.invoke(Method.java:498)
at org.testng.internal.MethodInvocationHelper.invokeMethod(MethodInvocationHelper.java:134)
at org.testng.internal.TestInvoker.invokeMethod(TestInvoker.java:597)
at org.testng.internal.TestInvoker.invokeTestMethod(TestInvoker.java:173)
at org.testng.internal.MethodRunner.runInSequence(MethodRunner.java:46)
at org.testng.internal.TestInvoker$MethodInvocationAgent.invoke(TestInvoker.java:816)
at org.testng.internal.TestInvoker.invokeTestMethods(TestInvoker.java:146)
at org.testng.internal.TestMethodWorker.invokeTestMethods(TestMethodWorker.java:146)
at org.testng.internal.TestMethodWorker.run(TestMethodWorker.java:128)
at java.util.ArrayList.forEach(ArrayList.java:1257)
at org.testng.TestRunner.privateRun(TestRunner.java:766)
at org.testng.TestRunner.run(TestRunner.java:587)
at org.testng.SuiteRunner.runTest(SuiteRunner.java:384)
at org.testng.SuiteRunner.runSequentially(SuiteRunner.java:378)
at org.testng.SuiteRunner.privateRun(SuiteRunner.java:337)
at org.testng.SuiteRunner.run(SuiteRunner.java:286)
at org.testng.SuiteRunnerWorker.runSuite(SuiteRunnerWorker.java:53)
at org.testng.SuiteRunnerWorker.run(SuiteRunnerWorker.java:96)
at org.testng.TestNG.runSuitesSequentially(TestNG.java:1187)
at org.testng.TestNG.runSuitesLocally(TestNG.java:1109)
at org.testng.TestNG.runSuites(TestNG.java:1039)
at org.testng.TestNG.run(TestNG.java:1007)
at org.apache.maven.surefire.testng.TestNGExecutor.run(TestNGExecutor.java:283)
at org.apache.maven.surefire.testng.TestNGXmlTestSuite.execute(TestNGXmlTestSuite.java:75)
at org.apache.maven.surefire.testng.TestNGProvider.invoke(TestNGProvider.java:120)
at org.apache.maven.surefire.booter.ForkedBooter.invokeProviderInSameClassLoader(ForkedBooter.java:384)
at org.apache.maven.surefire.booter.ForkedBooter.runSuitesInProcess(ForkedBooter.java:345)
at org.apache.maven.surefire.booter.ForkedBooter.execute(ForkedBooter.java:126)
at org.apache.maven.surefire.booter.ForkedBooter.main(ForkedBooter.java:418)
]]>
            </full-stacktrace>
          </exception> <!-- org.testng.SkipException -->
          <reporter-output>
          </reporter-output>
        </test-method> <!-- addCustomerByBankManagerLogin -->
        <test-method status="PASS" signature="addCustomerByBankManagerLogin(java.util.Hashtable)[pri:0, instance:com.testcases.AddCustomerByBankManagerLogin@61d6015a]" name="addCustomerByBankManagerLogin" duration-ms="623" started-at="2020-06-18T15:10:00 IST" data-provider="dp" finished-at="2020-06-18T15:10:01 IST">
          <params>
            <param index="0">
              <value>
                <![CDATA[{alert_msg=Customer added successfully, postcode=hguysdv, lastname=manuty, runmode=y, firstname=amal}]]>
              </value>
            </param>
          </params>
          <reporter-output>
          </reporter-output>
        </test-method> <!-- addCustomerByBankManagerLogin -->
        <test-method status="PASS" signature="addCustomerByBankManagerLogin(java.util.Hashtable)[pri:0, instance:com.testcases.AddCustomerByBankManagerLogin@61d6015a]" name="addCustomerByBankManagerLogin" duration-ms="581" started-at="2020-06-18T15:10:01 IST" data-provider="dp" finished-at="2020-06-18T15:10:01 IST">
          <params>
            <param index="0">
              <value>
                <![CDATA[{alert_msg=Customer added successfully, postcode=hguy36sdj, lastname=cherian, runmode=y, firstname=evin}]]>
              </value>
            </param>
          </params>
          <reporter-output>
          </reporter-output>
        </test-method> <!-- addCustomerByBankManagerLogin -->
      </class> <!-- com.testcases.AddCustomerByBankManagerLogin -->
    </test> <!-- AddCustomerByBankManagerLogin -->
    <test name="OpenAccountTest" duration-ms="3521" started-at="2020-06-18T15:10:01 IST" finished-at="2020-06-18T15:10:05 IST">
      <class name="com.testcases.OpenAccountTest">
        <test-method status="PASS" signature="SetUp()[pri:0, instance:com.testcases.OpenAccountTest@37858383]" name="SetUp" is-config="true" duration-ms="6706" started-at="2020-06-18T15:09:49 IST" finished-at="2020-06-18T15:09:55 IST">
          <reporter-output>
          </reporter-output>
        </test-method> <!-- SetUp -->
        <test-method status="PASS" signature="openAccountTest(java.util.Hashtable)[pri:0, instance:com.testcases.OpenAccountTest@37858383]" name="openAccountTest" duration-ms="3470" started-at="2020-06-18T15:10:01 IST" data-provider="dp" finished-at="2020-06-18T15:10:05 IST">
          <params>
            <param index="0">
              <value>
                <![CDATA[{currency=Rs, customer=anjitha cheriyan}]]>
              </value>
            </param>
          </params>
          <reporter-output>
          </reporter-output>
        </test-method> <!-- openAccountTest -->
        <test-method status="PASS" signature="tearDown()[pri:0, instance:com.testcases.OpenAccountTest@37858383]" name="tearDown" is-config="true" duration-ms="108" started-at="2020-06-18T15:10:05 IST" finished-at="2020-06-18T15:10:05 IST">
          <reporter-output>
          </reporter-output>
        </test-method> <!-- tearDown -->
      </class> <!-- com.testcases.OpenAccountTest -->
    </test> <!-- OpenAccountTest -->
  </suite> <!-- Data Driver Basics -->
</testng-results>
