<?xml version="1.0" encoding="UTF-8"?>
<testng-results skipped="1" failed="0" ignored="0" total="6" passed="5">
  <reporter-output>
  </reporter-output>
  <suite name="Data Driver Basics" duration-ms="13805" started-at="2020-07-02T12:10:24 IST" finished-at="2020-07-02T12:10:38 IST">
    <groups>
    </groups>
    <test name="BankManagerLoginTest" duration-ms="4210" started-at="2020-07-02T12:10:24 IST" finished-at="2020-07-02T12:10:28 IST">
      <class name="com.testcases.BankManagerLoginTest">
        <test-method status="PASS" signature="bankManagerLoginTest()[pri:0, instance:com.testcases.BankManagerLoginTest@671a5887]" name="bankManagerLoginTest" duration-ms="3405" started-at="2020-07-02T12:10:24 IST" finished-at="2020-07-02T12:10:27 IST">
          <reporter-output>
          </reporter-output>
        </test-method> <!-- bankManagerLoginTest -->
      </class> <!-- com.testcases.BankManagerLoginTest -->
    </test> <!-- BankManagerLoginTest -->
    <test name="AddCustomerByBankManagerLogin" duration-ms="5063" started-at="2020-07-02T12:10:28 IST" finished-at="2020-07-02T12:10:33 IST">
      <class name="com.testcases.AddCustomerByBankManagerLogin">
        <test-method status="PASS" signature="addCustomerByBankManagerLogin(java.util.Hashtable)[pri:0, instance:com.testcases.AddCustomerByBankManagerLogin@5939a379]" name="addCustomerByBankManagerLogin" duration-ms="2051" started-at="2020-07-02T12:10:28 IST" data-provider="dp" finished-at="2020-07-02T12:10:30 IST">
          <params>
            <param index="0">
              <value>
                <![CDATA[{alert_msg=Customer added successfully, postcode=hguy36, lastname=cheriyan, runmode=y, firstname=anjitha }]]>
              </value>
            </param>
          </params>
          <reporter-output>
          </reporter-output>
        </test-method> <!-- addCustomerByBankManagerLogin -->
        <test-method status="SKIP" signature="addCustomerByBankManagerLogin(java.util.Hashtable)[pri:0, instance:com.testcases.AddCustomerByBankManagerLogin@5939a379]" name="addCustomerByBankManagerLogin" duration-ms="2" started-at="2020-07-02T12:10:30 IST" data-provider="dp" finished-at="2020-07-02T12:10:30 IST">
          <params>
            <param index="0">
              <value>
                <![CDATA[{alert_msg=Customer added successfully, postcode=hguy36scawc, lastname=cheri, runmode=n, firstname=anju }]]>
              </value>
            </param>
          </params>
          <exception class="org.testng.SkipException">
            <message>
              <![CDATA[Skipping the parameter]]>
            </message>
            <full-stacktrace>
              <![CDATA[org.testng.SkipException: Skipping the parameter
at com.testcases.AddCustomerByBankManagerLogin.addCustomerByBankManagerLogin(AddCustomerByBankManagerLogin.java:22)
at sun.reflect.NativeMethodAccessorImpl.invoke0(Native Method)
at sun.reflect.NativeMethodAccessorImpl.invoke(NativeMethodAccessorImpl.java:62)
at sun.reflect.DelegatingMethodAccessorImpl.invoke(DelegatingMethodAccessorImpl.java:43)
at java.lang.reflect.Method.invoke(Method.java:498)
at org.testng.internal.MethodInvocationHelper.invokeMethod(MethodInvocationHelper.java:134)
at org.testng.internal.TestInvoker.invokeMethod(TestInvoker.java:597)
at org.testng.internal.TestInvoker.invokeTestMethod(TestInvoker.java:173)
at org.testng.internal.MethodRunner.runInSequence(MethodRunner.java:46)
at org.testng.internal.TestInvoker$MethodInvocationAgent.invoke(TestInvoker.java:816)
at org.testng.internal.TestInvoker.invokeTestMethods(TestInvoker.java:146)
at org.testng.internal.TestMethodWorker.invokeTestMethods(TestMethodWorker.java:146)
at org.testng.internal.TestMethodWorker.run(TestMethodWorker.java:128)
at java.util.ArrayList.forEach(ArrayList.java:1257)
at org.testng.TestRunner.privateRun(TestRunner.java:766)
at org.testng.TestRunner.run(TestRunner.java:587)
at org.testng.SuiteRunner.runTest(SuiteRunner.java:384)
at org.testng.SuiteRunner.runSequentially(SuiteRunner.java:378)
at org.testng.SuiteRunner.privateRun(SuiteRunner.java:337)
at org.testng.SuiteRunner.run(SuiteRunner.java:286)
at org.testng.SuiteRunnerWorker.runSuite(SuiteRunnerWorker.java:53)
at org.testng.SuiteRunnerWorker.run(SuiteRunnerWorker.java:96)
at org.testng.TestNG.runSuitesSequentially(TestNG.java:1187)
at org.testng.TestNG.runSuitesLocally(TestNG.java:1109)
at org.testng.TestNG.runSuites(TestNG.java:1039)
at org.testng.TestNG.run(TestNG.java:1007)
at org.apache.maven.surefire.testng.TestNGExecutor.run(TestNGExecutor.java:283)
at org.apache.maven.surefire.testng.TestNGXmlTestSuite.execute(TestNGXmlTestSuite.java:75)
at org.apache.maven.surefire.testng.TestNGProvider.invoke(TestNGProvider.java:120)
at org.apache.maven.surefire.booter.ForkedBooter.invokeProviderInSameClassLoader(ForkedBooter.java:384)
at org.apache.maven.surefire.booter.ForkedBooter.runSuitesInProcess(ForkedBooter.java:345)
at org.apache.maven.surefire.booter.ForkedBooter.execute(ForkedBooter.java:126)
at org.apache.maven.surefire.booter.ForkedBooter.main(ForkedBooter.java:418)
]]>
            </full-stacktrace>
          </exception> <!-- org.testng.SkipException -->
          <reporter-output>
          </reporter-output>
        </test-method> <!-- addCustomerByBankManagerLogin -->
        <test-method status="PASS" signature="addCustomerByBankManagerLogin(java.util.Hashtable)[pri:0, instance:com.testcases.AddCustomerByBankManagerLogin@5939a379]" name="addCustomerByBankManagerLogin" duration-ms="1195" started-at="2020-07-02T12:10:31 IST" data-provider="dp" finished-at="2020-07-02T12:10:32 IST">
          <params>
            <param index="0">
              <value>
                <![CDATA[{alert_msg=Customer added successfully, postcode=hguysdv, lastname=manuty, runmode=y, firstname=amal}]]>
              </value>
            </param>
          </params>
          <reporter-output>
          </reporter-output>
        </test-method> <!-- addCustomerByBankManagerLogin -->
        <test-method status="PASS" signature="addCustomerByBankManagerLogin(java.util.Hashtable)[pri:0, instance:com.testcases.AddCustomerByBankManagerLogin@5939a379]" name="addCustomerByBankManagerLogin" duration-ms="1202" started-at="2020-07-02T12:10:32 IST" data-provider="dp" finished-at="2020-07-02T12:10:33 IST">
          <params>
            <param index="0">
              <value>
                <![CDATA[{alert_msg=Customer added successfully, postcode=hguy36sdj, lastname=cherian, runmode=y, firstname=evin}]]>
              </value>
            </param>
          </params>
          <reporter-output>
          </reporter-output>
        </test-method> <!-- addCustomerByBankManagerLogin -->
      </class> <!-- com.testcases.AddCustomerByBankManagerLogin -->
    </test> <!-- AddCustomerByBankManagerLogin -->
    <test name="OpenAccountTest" duration-ms="4403" started-at="2020-07-02T12:10:33 IST" finished-at="2020-07-02T12:10:38 IST">
      <class name="com.testcases.OpenAccountTest">
        <test-method status="PASS" signature="SetUp()[pri:0, instance:com.testcases.OpenAccountTest@2892dae4]" name="SetUp" is-config="true" duration-ms="8709" started-at="2020-07-02T12:10:15 IST" finished-at="2020-07-02T12:10:24 IST">
          <reporter-output>
          </reporter-output>
        </test-method> <!-- SetUp -->
        <test-method status="PASS" signature="openAccountTest(java.util.Hashtable)[pri:0, instance:com.testcases.OpenAccountTest@2892dae4]" name="openAccountTest" duration-ms="4293" started-at="2020-07-02T12:10:33 IST" data-provider="dp" finished-at="2020-07-02T12:10:38 IST">
          <params>
            <param index="0">
              <value>
                <![CDATA[{currency=Rs, customer=anjitha cheriyan}]]>
              </value>
            </param>
          </params>
          <reporter-output>
          </reporter-output>
        </test-method> <!-- openAccountTest -->
        <test-method status="PASS" signature="tearDown()[pri:0, instance:com.testcases.OpenAccountTest@2892dae4]" name="tearDown" is-config="true" duration-ms="332" started-at="2020-07-02T12:10:38 IST" finished-at="2020-07-02T12:10:38 IST">
          <reporter-output>
          </reporter-output>
        </test-method> <!-- tearDown -->
      </class> <!-- com.testcases.OpenAccountTest -->
    </test> <!-- OpenAccountTest -->
  </suite> <!-- Data Driver Basics -->
</testng-results>
