<?xml version="1.0" encoding="UTF-8"?>
<testsuite name="AddCustomerByBankManagerLogin"
           tests="4"
           failures="0"
           errors="0"
           skipped="1"
           time="2.095">
  <properties />
  
            <testcase name="addCustomerByBankManagerLogin" time="0.0" classname="com.testcases.AddCustomerByBankManagerLogin">
          <skipped />
    </testcase>
  
            <testcase name="addCustomerByBankManagerLogin" time="0.581" classname="com.testcases.AddCustomerByBankManagerLogin" />
                <testcase name="addCustomerByBankManagerLogin" time="0.623" classname="com.testcases.AddCustomerByBankManagerLogin" />
                <testcase name="addCustomerByBankManagerLogin" time="0.890" classname="com.testcases.AddCustomerByBankManagerLogin" />
      
</testsuite>
