<?xml version="1.0" encoding="UTF-8"?>
<testsuite name="AddCustomerByBankManagerLogin"
           tests="4"
           failures="0"
           errors="0"
           skipped="1"
           time="4.450">
  <properties />
  
            <testcase name="addCustomerByBankManagerLogin" time="0.0" classname="com.testcases.AddCustomerByBankManagerLogin">
          <skipped />
    </testcase>
  
            <testcase name="addCustomerByBankManagerLogin" time="1.195" classname="com.testcases.AddCustomerByBankManagerLogin" />
                <testcase name="addCustomerByBankManagerLogin" time="2.051" classname="com.testcases.AddCustomerByBankManagerLogin" />
                <testcase name="addCustomerByBankManagerLogin" time="1.202" classname="com.testcases.AddCustomerByBankManagerLogin" />
      
</testsuite>
