<?xml version="1.0" encoding="UTF-8"?>
<!-- Generated by org.testng.reporters.JUnitXMLReporter -->
<testsuite hostname="Anjithas-Air.domain.name" ignored="0" name="AddCustomerByBankManagerLogin" tests="4" failures="0" timestamp="2020-06-18T15:10:01 IST" time="2.301" errors="0">
  <testcase name="addCustomerByBankManagerLogin" time="0.89" classname="com.testcases.AddCustomerByBankManagerLogin"/>
  <testcase name="addCustomerByBankManagerLogin" time="0.001" classname="com.testcases.AddCustomerByBankManagerLogin">
    <skipped/>
  </testcase> <!-- addCustomerByBankManagerLogin -->
  <testcase name="addCustomerByBankManagerLogin" time="0.623" classname="com.testcases.AddCustomerByBankManagerLogin"/>
  <testcase name="addCustomerByBankManagerLogin" time="0.581" classname="com.testcases.AddCustomerByBankManagerLogin"/>
</testsuite> <!-- AddCustomerByBankManagerLogin -->
