<?xml version="1.0" encoding="UTF-8"?>
<!-- Generated by org.testng.reporters.JUnitXMLReporter -->
<testsuite hostname="Anjithas-Air.domain.name" ignored="0" name="AddCustomerByBankManagerLogin" tests="4" failures="0" timestamp="2020-07-02T12:10:33 IST" time="5.063" errors="0">
  <testcase name="addCustomerByBankManagerLogin" time="2.051" classname="com.testcases.AddCustomerByBankManagerLogin"/>
  <testcase name="addCustomerByBankManagerLogin" time="0.002" classname="com.testcases.AddCustomerByBankManagerLogin">
    <skipped/>
  </testcase> <!-- addCustomerByBankManagerLogin -->
  <testcase name="addCustomerByBankManagerLogin" time="1.195" classname="com.testcases.AddCustomerByBankManagerLogin"/>
  <testcase name="addCustomerByBankManagerLogin" time="1.202" classname="com.testcases.AddCustomerByBankManagerLogin"/>
</testsuite> <!-- AddCustomerByBankManagerLogin -->
